2025-01-28 20:33:51.640 | INFO     | utils.utils_logger:<module>:38 - Logging to file: logs\project_log.log
2025-01-28 20:33:51.645 | INFO     | __main__:<module>:68 - Project root: C:\Users\trent\Projects\buzzline-03-trentrueckert
2025-01-28 20:33:51.645 | INFO     | __main__:<module>:72 - Data folder: C:\Users\trent\Projects\buzzline-03-trentrueckert\data
2025-01-28 20:33:51.647 | INFO     | __main__:<module>:76 - Data file: C:\Users\trent\Projects\buzzline-03-trentrueckert\data\buzz.json
2025-01-28 20:33:51.647 | INFO     | __main__:main:136 - START producer.
2025-01-28 20:33:51.647 | INFO     | utils.utils_producer:get_zookeeper_address:57 - Zookeeper address: localhost:2181
2025-01-28 20:33:51.666 | INFO     | utils.utils_producer:check_zookeeper_service_is_ready:79 - Zookeeper is ready at localhost:2181.
2025-01-28 20:33:51.666 | INFO     | utils.utils_producer:get_kafka_broker_address:50 - Kafka broker address: localhost:9092
2025-01-28 20:33:52.445 | INFO     | utils.utils_producer:check_kafka_service_is_ready:98 - Kafka is ready. Brokers: {'throttle_time_ms': 0, 'brokers': [{'node_id': 0, 'host': 'localhost', 'port': 9092, 'rack': None}], 'cluster_id': 'yvzes8zVSZi8mIuBjCZxDA', 'controller_id': 0}
2025-01-28 20:33:52.450 | INFO     | __main__:get_kafka_topic:50 - Kafka topic: buzzline_json
2025-01-28 20:33:52.452 | INFO     | __main__:get_message_interval:57 - Message interval: 1 seconds
2025-01-28 20:33:52.454 | INFO     | utils.utils_producer:get_kafka_broker_address:50 - Kafka broker address: localhost:9092
2025-01-28 20:33:52.456 | INFO     | utils.utils_producer:create_kafka_producer:146 - Connecting to Kafka broker at localhost:9092...
2025-01-28 20:33:52.615 | INFO     | utils.utils_producer:create_kafka_producer:151 - Kafka producer successfully created.
2025-01-28 20:33:52.618 | INFO     | utils.utils_producer:get_kafka_broker_address:50 - Kafka broker address: localhost:9092
2025-01-28 20:33:53.115 | INFO     | utils.utils_producer:create_kafka_topic:176 - Creating 'buzzline_json'.
2025-01-28 20:33:59.701 | INFO     | utils.utils_producer:create_kafka_topic:181 - Topic 'buzzline_json' created successfully.
2025-01-28 20:33:59.715 | INFO     | __main__:main:159 - Kafka topic 'buzzline_json' is ready.
2025-01-28 20:33:59.729 | INFO     | __main__:main:165 - Starting message production to topic 'buzzline_json'...
2025-01-28 20:33:59.732 | INFO     | __main__:generate_messages:95 - Opening data file in read mode: C:\Users\trent\Projects\buzzline-03-trentrueckert\data\buzz.json
2025-01-28 20:34:00.011 | INFO     | __main__:generate_messages:97 - Reading data from file: C:\Users\trent\Projects\buzzline-03-trentrueckert\data\buzz.json
2025-01-28 20:34:00.222 | INFO     | __main__:main:170 - Sent message to topic 'buzzline_json': {'message': 'Data engineering is my passion.', 'author': 'Eve'}
2025-01-28 20:34:01.262 | INFO     | __main__:main:170 - Sent message to topic 'buzzline_json': {'message': 'Distributed systems are fascinating.', 'author': 'Alice'}
2025-01-28 20:34:02.315 | INFO     | __main__:main:170 - Sent message to topic 'buzzline_json': {'message': 'Have a great day!', 'author': 'Charlie'}
2025-01-28 20:34:03.336 | INFO     | __main__:main:170 - Sent message to topic 'buzzline_json': {'message': 'Data engineering is my passion.', 'author': 'Alice'}
2025-01-28 20:34:04.361 | INFO     | __main__:main:170 - Sent message to topic 'buzzline_json': {'message': 'Distributed systems are fascinating.', 'author': 'Diana'}
2025-01-28 20:34:05.386 | INFO     | __main__:main:170 - Sent message to topic 'buzzline_json': {'message': 'Buzz messages for everyone.', 'author': 'Alice'}
2025-01-28 20:34:06.401 | INFO     | __main__:main:170 - Sent message to topic 'buzzline_json': {'message': 'Hello, Kafka world!', 'author': 'Diana'}
2025-01-28 20:34:07.217 | INFO     | utils.utils_logger:<module>:38 - Logging to file: logs\project_log.log
2025-01-28 20:34:07.253 | INFO     | __main__:main:124 - START consumer.
2025-01-28 20:34:07.260 | INFO     | __main__:get_kafka_topic:46 - Kafka topic: buzzline_json
2025-01-28 20:34:07.261 | INFO     | __main__:get_kafka_consumer_group_id:53 - Kafka consumer group id: buzz_group
2025-01-28 20:34:07.262 | INFO     | __main__:main:129 - Consumer: Topic 'buzzline_json' and group 'buzz_group'...
2025-01-28 20:34:07.265 | INFO     | utils.utils_producer:get_kafka_broker_address:50 - Kafka broker address: localhost:9092
2025-01-28 20:34:07.266 | INFO     | utils.utils_consumer:create_kafka_consumer:44 - Creating Kafka consumer. Topic='buzzline_json' and group ID='buzz_group'.
2025-01-28 20:34:07.408 | INFO     | __main__:main:170 - Sent message to topic 'buzzline_json': {'message': 'This is a buzz message.', 'author': 'Eve'}
2025-01-28 20:34:07.484 | INFO     | utils.utils_consumer:create_kafka_consumer:59 - Kafka consumer created successfully.
2025-01-28 20:34:07.486 | INFO     | __main__:main:135 - Polling messages from topic 'buzzline_json'...
2025-01-28 20:34:08.543 | INFO     | __main__:main:170 - Sent message to topic 'buzzline_json': {'message': 'JSON makes life easier.', 'author': 'Eve'}
2025-01-28 20:34:09.641 | INFO     | __main__:main:170 - Sent message to topic 'buzzline_json': {'message': 'JSON makes life easier.', 'author': 'Alice'}
2025-01-28 20:34:10.672 | INFO     | __main__:main:170 - Sent message to topic 'buzzline_json': {'message': 'Data engineering is my passion.', 'author': 'Diana'}
2025-01-28 20:34:11.770 | INFO     | __main__:main:170 - Sent message to topic 'buzzline_json': {'message': 'JSON makes life easier.', 'author': 'Diana'}
2025-01-28 20:34:13.020 | INFO     | __main__:main:170 - Sent message to topic 'buzzline_json': {'message': 'Kafka is awesome.', 'author': 'Charlie'}
2025-01-28 20:34:14.084 | INFO     | __main__:main:170 - Sent message to topic 'buzzline_json': {'message': 'JSON makes life easier.', 'author': 'Bob'}
2025-01-28 20:34:15.201 | INFO     | __main__:main:170 - Sent message to topic 'buzzline_json': {'message': 'I love Python!', 'author': 'Bob'}
2025-01-28 20:34:16.331 | INFO     | __main__:main:170 - Sent message to topic 'buzzline_json': {'message': 'This is a buzz message.', 'author': 'Eve'}
2025-01-28 20:34:17.458 | INFO     | __main__:main:170 - Sent message to topic 'buzzline_json': {'message': 'I love Python!', 'author': 'Eve'}
2025-01-28 20:34:18.533 | INFO     | __main__:main:170 - Sent message to topic 'buzzline_json': {'message': 'Buzz messages for everyone.', 'author': 'Alice'}
2025-01-28 20:34:19.582 | INFO     | __main__:main:170 - Sent message to topic 'buzzline_json': {'message': 'This is a buzz message.', 'author': 'Alice'}
2025-01-28 20:34:20.592 | INFO     | __main__:main:170 - Sent message to topic 'buzzline_json': {'message': 'Data engineering is my passion.', 'author': 'Diana'}
2025-01-28 20:34:21.244 | INFO     | __main__:process_message:89 - Processed JSON message: {'message': 'Data engineering is my passion.', 'author': 'Eve'}
2025-01-28 20:34:21.246 | INFO     | __main__:process_message:95 - Message received from author: Eve
2025-01-28 20:34:21.247 | INFO     | __main__:process_message:101 - Updated author counts: {'Eve': 1}
2025-01-28 20:34:21.251 | INFO     | __main__:process_message:89 - Processed JSON message: {'message': 'Distributed systems are fascinating.', 'author': 'Alice'}
2025-01-28 20:34:21.252 | INFO     | __main__:process_message:95 - Message received from author: Alice
2025-01-28 20:34:21.253 | INFO     | __main__:process_message:101 - Updated author counts: {'Eve': 1, 'Alice': 1}
2025-01-28 20:34:21.257 | INFO     | __main__:process_message:89 - Processed JSON message: {'message': 'Have a great day!', 'author': 'Charlie'}
2025-01-28 20:34:21.259 | INFO     | __main__:process_message:95 - Message received from author: Charlie
2025-01-28 20:34:21.260 | INFO     | __main__:process_message:101 - Updated author counts: {'Eve': 1, 'Alice': 1, 'Charlie': 1}
2025-01-28 20:34:21.264 | INFO     | __main__:process_message:89 - Processed JSON message: {'message': 'Data engineering is my passion.', 'author': 'Alice'}
2025-01-28 20:34:21.265 | INFO     | __main__:process_message:95 - Message received from author: Alice
2025-01-28 20:34:21.267 | INFO     | __main__:process_message:101 - Updated author counts: {'Eve': 1, 'Alice': 2, 'Charlie': 1}
2025-01-28 20:34:21.272 | INFO     | __main__:process_message:89 - Processed JSON message: {'message': 'Distributed systems are fascinating.', 'author': 'Diana'}
2025-01-28 20:34:21.273 | INFO     | __main__:process_message:95 - Message received from author: Diana
2025-01-28 20:34:21.277 | INFO     | __main__:process_message:101 - Updated author counts: {'Eve': 1, 'Alice': 2, 'Charlie': 1, 'Diana': 1}
2025-01-28 20:34:21.282 | INFO     | __main__:process_message:89 - Processed JSON message: {'message': 'Buzz messages for everyone.', 'author': 'Alice'}
2025-01-28 20:34:21.283 | INFO     | __main__:process_message:95 - Message received from author: Alice
2025-01-28 20:34:21.285 | INFO     | __main__:process_message:101 - Updated author counts: {'Eve': 1, 'Alice': 3, 'Charlie': 1, 'Diana': 1}
2025-01-28 20:34:21.292 | INFO     | __main__:process_message:89 - Processed JSON message: {'message': 'Hello, Kafka world!', 'author': 'Diana'}
2025-01-28 20:34:21.295 | INFO     | __main__:process_message:95 - Message received from author: Diana
2025-01-28 20:34:21.297 | INFO     | __main__:process_message:101 - Updated author counts: {'Eve': 1, 'Alice': 3, 'Charlie': 1, 'Diana': 2}
2025-01-28 20:34:21.305 | INFO     | __main__:process_message:89 - Processed JSON message: {'message': 'This is a buzz message.', 'author': 'Eve'}
2025-01-28 20:34:21.308 | INFO     | __main__:process_message:95 - Message received from author: Eve
2025-01-28 20:34:21.311 | INFO     | __main__:process_message:101 - Updated author counts: {'Eve': 2, 'Alice': 3, 'Charlie': 1, 'Diana': 2}
2025-01-28 20:34:21.316 | INFO     | __main__:process_message:89 - Processed JSON message: {'message': 'JSON makes life easier.', 'author': 'Eve'}
2025-01-28 20:34:21.318 | INFO     | __main__:process_message:95 - Message received from author: Eve
2025-01-28 20:34:21.323 | INFO     | __main__:process_message:101 - Updated author counts: {'Eve': 3, 'Alice': 3, 'Charlie': 1, 'Diana': 2}
2025-01-28 20:34:21.329 | INFO     | __main__:process_message:89 - Processed JSON message: {'message': 'JSON makes life easier.', 'author': 'Alice'}
2025-01-28 20:34:21.330 | INFO     | __main__:process_message:95 - Message received from author: Alice
2025-01-28 20:34:21.332 | INFO     | __main__:process_message:101 - Updated author counts: {'Eve': 3, 'Alice': 4, 'Charlie': 1, 'Diana': 2}
2025-01-28 20:34:21.342 | INFO     | __main__:process_message:89 - Processed JSON message: {'message': 'Data engineering is my passion.', 'author': 'Diana'}
2025-01-28 20:34:21.344 | INFO     | __main__:process_message:95 - Message received from author: Diana
2025-01-28 20:34:21.346 | INFO     | __main__:process_message:101 - Updated author counts: {'Eve': 3, 'Alice': 4, 'Charlie': 1, 'Diana': 3}
2025-01-28 20:34:21.352 | INFO     | __main__:process_message:89 - Processed JSON message: {'message': 'JSON makes life easier.', 'author': 'Diana'}
2025-01-28 20:34:21.354 | INFO     | __main__:process_message:95 - Message received from author: Diana
2025-01-28 20:34:21.356 | INFO     | __main__:process_message:101 - Updated author counts: {'Eve': 3, 'Alice': 4, 'Charlie': 1, 'Diana': 4}
2025-01-28 20:34:21.363 | INFO     | __main__:process_message:89 - Processed JSON message: {'message': 'Kafka is awesome.', 'author': 'Charlie'}
2025-01-28 20:34:21.365 | INFO     | __main__:process_message:95 - Message received from author: Charlie
2025-01-28 20:34:21.366 | INFO     | __main__:process_message:101 - Updated author counts: {'Eve': 3, 'Alice': 4, 'Charlie': 2, 'Diana': 4}
2025-01-28 20:34:21.374 | INFO     | __main__:process_message:89 - Processed JSON message: {'message': 'JSON makes life easier.', 'author': 'Bob'}
2025-01-28 20:34:21.375 | INFO     | __main__:process_message:95 - Message received from author: Bob
2025-01-28 20:34:21.377 | INFO     | __main__:process_message:101 - Updated author counts: {'Eve': 3, 'Alice': 4, 'Charlie': 2, 'Diana': 4, 'Bob': 1}
2025-01-28 20:34:21.383 | INFO     | __main__:process_message:89 - Processed JSON message: {'message': 'I love Python!', 'author': 'Bob'}
2025-01-28 20:34:21.385 | INFO     | __main__:process_message:95 - Message received from author: Bob
2025-01-28 20:34:21.388 | INFO     | __main__:process_message:101 - Updated author counts: {'Eve': 3, 'Alice': 4, 'Charlie': 2, 'Diana': 4, 'Bob': 2}
2025-01-28 20:34:21.393 | INFO     | __main__:process_message:89 - Processed JSON message: {'message': 'This is a buzz message.', 'author': 'Eve'}
2025-01-28 20:34:21.395 | INFO     | __main__:process_message:95 - Message received from author: Eve
2025-01-28 20:34:21.396 | INFO     | __main__:process_message:101 - Updated author counts: {'Eve': 4, 'Alice': 4, 'Charlie': 2, 'Diana': 4, 'Bob': 2}
2025-01-28 20:34:21.401 | INFO     | __main__:process_message:89 - Processed JSON message: {'message': 'I love Python!', 'author': 'Eve'}
2025-01-28 20:34:21.403 | INFO     | __main__:process_message:95 - Message received from author: Eve
2025-01-28 20:34:21.406 | INFO     | __main__:process_message:101 - Updated author counts: {'Eve': 5, 'Alice': 4, 'Charlie': 2, 'Diana': 4, 'Bob': 2}
2025-01-28 20:34:21.411 | INFO     | __main__:process_message:89 - Processed JSON message: {'message': 'Buzz messages for everyone.', 'author': 'Alice'}
2025-01-28 20:34:21.413 | INFO     | __main__:process_message:95 - Message received from author: Alice
2025-01-28 20:34:21.416 | INFO     | __main__:process_message:101 - Updated author counts: {'Eve': 5, 'Alice': 5, 'Charlie': 2, 'Diana': 4, 'Bob': 2}
2025-01-28 20:34:21.424 | INFO     | __main__:process_message:89 - Processed JSON message: {'message': 'This is a buzz message.', 'author': 'Alice'}
2025-01-28 20:34:21.426 | INFO     | __main__:process_message:95 - Message received from author: Alice
2025-01-28 20:34:21.429 | INFO     | __main__:process_message:101 - Updated author counts: {'Eve': 5, 'Alice': 6, 'Charlie': 2, 'Diana': 4, 'Bob': 2}
2025-01-28 20:34:21.436 | INFO     | __main__:process_message:89 - Processed JSON message: {'message': 'Data engineering is my passion.', 'author': 'Diana'}
2025-01-28 20:34:21.438 | INFO     | __main__:process_message:95 - Message received from author: Diana
2025-01-28 20:34:21.441 | INFO     | __main__:process_message:101 - Updated author counts: {'Eve': 5, 'Alice': 6, 'Charlie': 2, 'Diana': 5, 'Bob': 2}
2025-01-28 20:34:21.599 | INFO     | __main__:main:170 - Sent message to topic 'buzzline_json': {'message': 'I love Python!', 'author': 'Eve'}
2025-01-28 20:34:21.632 | INFO     | __main__:process_message:89 - Processed JSON message: {'message': 'I love Python!', 'author': 'Eve'}
2025-01-28 20:34:21.633 | INFO     | __main__:process_message:95 - Message received from author: Eve
2025-01-28 20:34:21.638 | INFO     | __main__:process_message:101 - Updated author counts: {'Eve': 6, 'Alice': 6, 'Charlie': 2, 'Diana': 5, 'Bob': 2}
2025-01-28 20:34:22.603 | INFO     | __main__:main:170 - Sent message to topic 'buzzline_json': {'message': 'JSON makes life easier.', 'author': 'Charlie'}
2025-01-28 20:34:22.611 | INFO     | __main__:process_message:89 - Processed JSON message: {'message': 'JSON makes life easier.', 'author': 'Charlie'}
2025-01-28 20:34:22.612 | INFO     | __main__:process_message:95 - Message received from author: Charlie
2025-01-28 20:34:22.613 | INFO     | __main__:process_message:101 - Updated author counts: {'Eve': 6, 'Alice': 6, 'Charlie': 3, 'Diana': 5, 'Bob': 2}
2025-01-28 20:34:23.606 | INFO     | __main__:main:170 - Sent message to topic 'buzzline_json': {'message': 'Have a great day!', 'author': 'Bob'}
2025-01-28 20:34:23.613 | INFO     | __main__:process_message:89 - Processed JSON message: {'message': 'Have a great day!', 'author': 'Bob'}
2025-01-28 20:34:23.613 | INFO     | __main__:process_message:95 - Message received from author: Bob
2025-01-28 20:34:23.614 | INFO     | __main__:process_message:101 - Updated author counts: {'Eve': 6, 'Alice': 6, 'Charlie': 3, 'Diana': 5, 'Bob': 3}
2025-01-28 20:34:24.609 | INFO     | __main__:main:170 - Sent message to topic 'buzzline_json': {'message': 'Data engineering is my passion.', 'author': 'Alice'}
2025-01-28 20:34:24.619 | INFO     | __main__:process_message:89 - Processed JSON message: {'message': 'Data engineering is my passion.', 'author': 'Alice'}
2025-01-28 20:34:24.621 | INFO     | __main__:process_message:95 - Message received from author: Alice
2025-01-28 20:34:24.622 | INFO     | __main__:process_message:101 - Updated author counts: {'Eve': 6, 'Alice': 7, 'Charlie': 3, 'Diana': 5, 'Bob': 3}
2025-01-28 20:34:25.615 | INFO     | __main__:main:170 - Sent message to topic 'buzzline_json': {'message': 'Kafka is awesome.', 'author': 'Diana'}
2025-01-28 20:34:25.647 | INFO     | __main__:process_message:89 - Processed JSON message: {'message': 'Kafka is awesome.', 'author': 'Diana'}
2025-01-28 20:34:25.649 | INFO     | __main__:process_message:95 - Message received from author: Diana
2025-01-28 20:34:25.650 | INFO     | __main__:process_message:101 - Updated author counts: {'Eve': 6, 'Alice': 7, 'Charlie': 3, 'Diana': 6, 'Bob': 3}
2025-01-28 20:34:26.623 | INFO     | __main__:main:170 - Sent message to topic 'buzzline_json': {'message': 'Kafka is awesome.', 'author': 'Diana'}
2025-01-28 20:34:26.660 | INFO     | __main__:process_message:89 - Processed JSON message: {'message': 'Kafka is awesome.', 'author': 'Diana'}
2025-01-28 20:34:26.664 | INFO     | __main__:process_message:95 - Message received from author: Diana
2025-01-28 20:34:26.668 | INFO     | __main__:process_message:101 - Updated author counts: {'Eve': 6, 'Alice': 7, 'Charlie': 3, 'Diana': 7, 'Bob': 3}
2025-01-28 20:34:27.630 | INFO     | __main__:main:170 - Sent message to topic 'buzzline_json': {'message': 'Hello, Kafka world!', 'author': 'Bob'}
2025-01-28 20:34:27.661 | INFO     | __main__:process_message:89 - Processed JSON message: {'message': 'Hello, Kafka world!', 'author': 'Bob'}
2025-01-28 20:34:27.665 | INFO     | __main__:process_message:95 - Message received from author: Bob
2025-01-28 20:34:27.669 | INFO     | __main__:process_message:101 - Updated author counts: {'Eve': 6, 'Alice': 7, 'Charlie': 3, 'Diana': 7, 'Bob': 4}
2025-01-28 20:34:28.650 | INFO     | __main__:main:170 - Sent message to topic 'buzzline_json': {'message': 'Distributed systems are fascinating.', 'author': 'Diana'}
2025-01-28 20:34:28.713 | INFO     | __main__:process_message:89 - Processed JSON message: {'message': 'Distributed systems are fascinating.', 'author': 'Diana'}
2025-01-28 20:34:28.739 | INFO     | __main__:process_message:95 - Message received from author: Diana
2025-01-28 20:34:28.744 | INFO     | __main__:process_message:101 - Updated author counts: {'Eve': 6, 'Alice': 7, 'Charlie': 3, 'Diana': 8, 'Bob': 4}
2025-01-28 20:34:29.669 | INFO     | __main__:main:170 - Sent message to topic 'buzzline_json': {'message': 'I love Python!', 'author': 'Diana'}
2025-01-28 20:34:29.740 | INFO     | __main__:process_message:89 - Processed JSON message: {'message': 'I love Python!', 'author': 'Diana'}
2025-01-28 20:34:29.788 | INFO     | __main__:process_message:95 - Message received from author: Diana
2025-01-28 20:34:29.806 | INFO     | __main__:process_message:101 - Updated author counts: {'Eve': 6, 'Alice': 7, 'Charlie': 3, 'Diana': 9, 'Bob': 4}
2025-01-28 20:34:30.687 | INFO     | __main__:main:170 - Sent message to topic 'buzzline_json': {'message': 'Have a great day!', 'author': 'Alice'}
2025-01-28 20:34:30.740 | INFO     | __main__:process_message:89 - Processed JSON message: {'message': 'Have a great day!', 'author': 'Alice'}
2025-01-28 20:34:30.742 | INFO     | __main__:process_message:95 - Message received from author: Alice
2025-01-28 20:34:30.764 | INFO     | __main__:process_message:101 - Updated author counts: {'Eve': 6, 'Alice': 8, 'Charlie': 3, 'Diana': 9, 'Bob': 4}
2025-01-28 20:34:31.818 | INFO     | __main__:main:170 - Sent message to topic 'buzzline_json': {'message': 'Hello, Kafka world!', 'author': 'Charlie'}
2025-01-28 20:34:32.188 | INFO     | __main__:process_message:89 - Processed JSON message: {'message': 'Hello, Kafka world!', 'author': 'Charlie'}
2025-01-28 20:34:32.257 | INFO     | __main__:process_message:95 - Message received from author: Charlie
2025-01-28 20:34:32.321 | INFO     | __main__:process_message:101 - Updated author counts: {'Eve': 6, 'Alice': 8, 'Charlie': 4, 'Diana': 9, 'Bob': 4}
2025-01-28 20:34:33.181 | INFO     | __main__:main:170 - Sent message to topic 'buzzline_json': {'message': 'JSON makes life easier.', 'author': 'Diana'}
2025-01-28 20:34:34.181 | INFO     | __main__:process_message:89 - Processed JSON message: {'message': 'JSON makes life easier.', 'author': 'Diana'}
2025-01-28 20:34:34.188 | INFO     | __main__:process_message:95 - Message received from author: Diana
2025-01-28 20:34:34.195 | INFO     | __main__:process_message:101 - Updated author counts: {'Eve': 6, 'Alice': 8, 'Charlie': 4, 'Diana': 10, 'Bob': 4}
2025-01-28 20:34:34.635 | INFO     | __main__:main:170 - Sent message to topic 'buzzline_json': {'message': 'I love Python!', 'author': 'Bob'}
2025-01-28 20:34:35.606 | INFO     | __main__:process_message:89 - Processed JSON message: {'message': 'I love Python!', 'author': 'Bob'}
2025-01-28 20:34:35.610 | INFO     | __main__:process_message:95 - Message received from author: Bob
2025-01-28 20:34:35.614 | INFO     | __main__:process_message:101 - Updated author counts: {'Eve': 6, 'Alice': 8, 'Charlie': 4, 'Diana': 10, 'Bob': 5}
2025-01-28 20:34:35.861 | INFO     | __main__:main:170 - Sent message to topic 'buzzline_json': {'message': 'Have a great day!', 'author': 'Diana'}
2025-01-28 20:34:36.963 | INFO     | __main__:main:170 - Sent message to topic 'buzzline_json': {'message': 'Hello, Kafka world!', 'author': 'Alice'}
2025-01-28 20:34:37.224 | INFO     | __main__:process_message:89 - Processed JSON message: {'message': 'Have a great day!', 'author': 'Diana'}
2025-01-28 20:34:37.228 | INFO     | __main__:process_message:95 - Message received from author: Diana
2025-01-28 20:34:37.230 | INFO     | __main__:process_message:101 - Updated author counts: {'Eve': 6, 'Alice': 8, 'Charlie': 4, 'Diana': 11, 'Bob': 5}
2025-01-28 20:34:38.327 | INFO     | __main__:process_message:89 - Processed JSON message: {'message': 'Hello, Kafka world!', 'author': 'Alice'}
2025-01-28 20:34:38.330 | INFO     | __main__:process_message:95 - Message received from author: Alice
2025-01-28 20:34:38.333 | INFO     | __main__:process_message:101 - Updated author counts: {'Eve': 6, 'Alice': 9, 'Charlie': 4, 'Diana': 11, 'Bob': 5}
2025-01-28 20:34:38.348 | INFO     | __main__:main:170 - Sent message to topic 'buzzline_json': {'message': 'JSON makes life easier.', 'author': 'Alice'}
2025-01-28 20:34:39.689 | INFO     | __main__:main:170 - Sent message to topic 'buzzline_json': {'message': 'Buzz messages for everyone.', 'author': 'Charlie'}
2025-01-28 20:34:39.975 | INFO     | __main__:process_message:89 - Processed JSON message: {'message': 'JSON makes life easier.', 'author': 'Alice'}
2025-01-28 20:34:39.980 | INFO     | __main__:process_message:95 - Message received from author: Alice
2025-01-28 20:34:39.993 | INFO     | __main__:process_message:101 - Updated author counts: {'Eve': 6, 'Alice': 10, 'Charlie': 4, 'Diana': 11, 'Bob': 5}
2025-01-28 20:34:40.125 | INFO     | __main__:process_message:89 - Processed JSON message: {'message': 'Buzz messages for everyone.', 'author': 'Charlie'}
2025-01-28 20:34:40.129 | INFO     | __main__:process_message:95 - Message received from author: Charlie
2025-01-28 20:34:40.132 | INFO     | __main__:process_message:101 - Updated author counts: {'Eve': 6, 'Alice': 10, 'Charlie': 5, 'Diana': 11, 'Bob': 5}
2025-01-28 20:34:40.700 | INFO     | __main__:main:170 - Sent message to topic 'buzzline_json': {'message': 'Buzz messages for everyone.', 'author': 'Bob'}
2025-01-28 20:34:41.077 | INFO     | __main__:process_message:89 - Processed JSON message: {'message': 'Buzz messages for everyone.', 'author': 'Bob'}
2025-01-28 20:34:41.080 | INFO     | __main__:process_message:95 - Message received from author: Bob
2025-01-28 20:34:41.082 | INFO     | __main__:process_message:101 - Updated author counts: {'Eve': 6, 'Alice': 10, 'Charlie': 5, 'Diana': 11, 'Bob': 6}
2025-01-28 20:34:41.716 | INFO     | __main__:main:170 - Sent message to topic 'buzzline_json': {'message': 'Streaming data is fun.', 'author': 'Diana'}
2025-01-28 20:34:41.779 | INFO     | __main__:process_message:89 - Processed JSON message: {'message': 'Streaming data is fun.', 'author': 'Diana'}
2025-01-28 20:34:41.780 | INFO     | __main__:process_message:95 - Message received from author: Diana
2025-01-28 20:34:41.782 | INFO     | __main__:process_message:101 - Updated author counts: {'Eve': 6, 'Alice': 10, 'Charlie': 5, 'Diana': 12, 'Bob': 6}
2025-01-28 20:34:42.748 | INFO     | __main__:main:170 - Sent message to topic 'buzzline_json': {'message': 'Have a great day!', 'author': 'Diana'}
2025-01-28 20:34:42.789 | INFO     | __main__:process_message:89 - Processed JSON message: {'message': 'Have a great day!', 'author': 'Diana'}
2025-01-28 20:34:42.791 | INFO     | __main__:process_message:95 - Message received from author: Diana
2025-01-28 20:34:42.793 | INFO     | __main__:process_message:101 - Updated author counts: {'Eve': 6, 'Alice': 10, 'Charlie': 5, 'Diana': 13, 'Bob': 6}
2025-01-28 20:34:43.762 | INFO     | __main__:main:170 - Sent message to topic 'buzzline_json': {'message': 'I love Python!', 'author': 'Alice'}
2025-01-28 20:34:43.859 | INFO     | __main__:process_message:89 - Processed JSON message: {'message': 'I love Python!', 'author': 'Alice'}
2025-01-28 20:34:43.860 | INFO     | __main__:process_message:95 - Message received from author: Alice
2025-01-28 20:34:43.862 | INFO     | __main__:process_message:101 - Updated author counts: {'Eve': 6, 'Alice': 11, 'Charlie': 5, 'Diana': 13, 'Bob': 6}
2025-01-28 20:34:44.778 | INFO     | __main__:main:170 - Sent message to topic 'buzzline_json': {'message': 'Streaming data is fun.', 'author': 'Charlie'}
2025-01-28 20:34:44.838 | INFO     | __main__:process_message:89 - Processed JSON message: {'message': 'Streaming data is fun.', 'author': 'Charlie'}
2025-01-28 20:34:44.840 | INFO     | __main__:process_message:95 - Message received from author: Charlie
2025-01-28 20:34:44.843 | INFO     | __main__:process_message:101 - Updated author counts: {'Eve': 6, 'Alice': 11, 'Charlie': 6, 'Diana': 13, 'Bob': 6}
2025-01-28 20:34:45.793 | INFO     | __main__:main:170 - Sent message to topic 'buzzline_json': {'message': 'Kafka is awesome.', 'author': 'Alice'}
2025-01-28 20:34:45.831 | INFO     | __main__:process_message:89 - Processed JSON message: {'message': 'Kafka is awesome.', 'author': 'Alice'}
2025-01-28 20:34:45.835 | INFO     | __main__:process_message:95 - Message received from author: Alice
2025-01-28 20:34:45.837 | INFO     | __main__:process_message:101 - Updated author counts: {'Eve': 6, 'Alice': 12, 'Charlie': 6, 'Diana': 13, 'Bob': 6}
2025-01-28 20:34:46.871 | INFO     | __main__:main:170 - Sent message to topic 'buzzline_json': {'message': 'Kafka is awesome.', 'author': 'Diana'}
2025-01-28 20:34:46.915 | INFO     | __main__:process_message:89 - Processed JSON message: {'message': 'Kafka is awesome.', 'author': 'Diana'}
2025-01-28 20:34:46.917 | INFO     | __main__:process_message:95 - Message received from author: Diana
2025-01-28 20:34:46.919 | INFO     | __main__:process_message:101 - Updated author counts: {'Eve': 6, 'Alice': 12, 'Charlie': 6, 'Diana': 14, 'Bob': 6}
2025-01-28 20:34:47.902 | INFO     | __main__:main:170 - Sent message to topic 'buzzline_json': {'message': 'Kafka is awesome.', 'author': 'Alice'}
2025-01-28 20:34:48.956 | INFO     | __main__:main:170 - Sent message to topic 'buzzline_json': {'message': 'JSON makes life easier.', 'author': 'Bob'}
2025-01-28 20:34:49.602 | INFO     | __main__:process_message:89 - Processed JSON message: {'message': 'Kafka is awesome.', 'author': 'Alice'}
2025-01-28 20:34:49.603 | INFO     | __main__:process_message:95 - Message received from author: Alice
2025-01-28 20:34:49.606 | INFO     | __main__:process_message:101 - Updated author counts: {'Eve': 6, 'Alice': 13, 'Charlie': 6, 'Diana': 14, 'Bob': 6}
2025-01-28 20:34:49.647 | INFO     | __main__:process_message:89 - Processed JSON message: {'message': 'JSON makes life easier.', 'author': 'Bob'}
2025-01-28 20:34:49.650 | INFO     | __main__:process_message:95 - Message received from author: Bob
2025-01-28 20:34:49.655 | INFO     | __main__:process_message:101 - Updated author counts: {'Eve': 6, 'Alice': 13, 'Charlie': 6, 'Diana': 14, 'Bob': 7}
2025-01-28 20:34:49.972 | INFO     | __main__:main:170 - Sent message to topic 'buzzline_json': {'message': 'This is a buzz message.', 'author': 'Bob'}
2025-01-28 20:34:50.011 | INFO     | __main__:process_message:89 - Processed JSON message: {'message': 'This is a buzz message.', 'author': 'Bob'}
2025-01-28 20:34:50.013 | INFO     | __main__:process_message:95 - Message received from author: Bob
2025-01-28 20:34:50.015 | INFO     | __main__:process_message:101 - Updated author counts: {'Eve': 6, 'Alice': 13, 'Charlie': 6, 'Diana': 14, 'Bob': 8}
2025-01-28 20:34:50.988 | INFO     | __main__:main:170 - Sent message to topic 'buzzline_json': {'message': 'Streaming data is fun.', 'author': 'Diana'}
2025-01-28 20:34:51.028 | INFO     | __main__:process_message:89 - Processed JSON message: {'message': 'Streaming data is fun.', 'author': 'Diana'}
2025-01-28 20:34:51.031 | INFO     | __main__:process_message:95 - Message received from author: Diana
2025-01-28 20:34:51.033 | INFO     | __main__:process_message:101 - Updated author counts: {'Eve': 6, 'Alice': 13, 'Charlie': 6, 'Diana': 15, 'Bob': 8}
2025-01-28 20:34:52.046 | INFO     | __main__:main:170 - Sent message to topic 'buzzline_json': {'message': 'Have a great day!', 'author': 'Bob'}
2025-01-28 20:34:52.111 | INFO     | __main__:process_message:89 - Processed JSON message: {'message': 'Have a great day!', 'author': 'Bob'}
2025-01-28 20:34:52.116 | INFO     | __main__:process_message:95 - Message received from author: Bob
2025-01-28 20:34:52.119 | INFO     | __main__:process_message:101 - Updated author counts: {'Eve': 6, 'Alice': 13, 'Charlie': 6, 'Diana': 15, 'Bob': 9}
2025-01-28 20:34:53.069 | INFO     | __main__:main:170 - Sent message to topic 'buzzline_json': {'message': 'This is a buzz message.', 'author': 'Eve'}
2025-01-28 20:34:53.234 | INFO     | __main__:process_message:89 - Processed JSON message: {'message': 'This is a buzz message.', 'author': 'Eve'}
2025-01-28 20:34:53.240 | INFO     | __main__:process_message:95 - Message received from author: Eve
2025-01-28 20:34:53.244 | INFO     | __main__:process_message:101 - Updated author counts: {'Eve': 7, 'Alice': 13, 'Charlie': 6, 'Diana': 15, 'Bob': 9}
2025-01-28 20:34:54.095 | INFO     | __main__:main:170 - Sent message to topic 'buzzline_json': {'message': 'Hello, Kafka world!', 'author': 'Bob'}
2025-01-28 20:34:54.135 | INFO     | __main__:process_message:89 - Processed JSON message: {'message': 'Hello, Kafka world!', 'author': 'Bob'}
2025-01-28 20:34:54.138 | INFO     | __main__:process_message:95 - Message received from author: Bob
2025-01-28 20:34:54.141 | INFO     | __main__:process_message:101 - Updated author counts: {'Eve': 7, 'Alice': 13, 'Charlie': 6, 'Diana': 15, 'Bob': 10}
2025-01-28 20:34:55.149 | INFO     | __main__:main:170 - Sent message to topic 'buzzline_json': {'message': 'This is a buzz message.', 'author': 'Alice'}
2025-01-28 20:34:55.187 | INFO     | __main__:process_message:89 - Processed JSON message: {'message': 'This is a buzz message.', 'author': 'Alice'}
2025-01-28 20:34:55.190 | INFO     | __main__:process_message:95 - Message received from author: Alice
2025-01-28 20:34:55.193 | INFO     | __main__:process_message:101 - Updated author counts: {'Eve': 7, 'Alice': 14, 'Charlie': 6, 'Diana': 15, 'Bob': 10}
2025-01-28 20:34:56.182 | INFO     | __main__:main:170 - Sent message to topic 'buzzline_json': {'message': 'Streaming data is fun.', 'author': 'Eve'}
2025-01-28 20:34:56.335 | INFO     | __main__:process_message:89 - Processed JSON message: {'message': 'Streaming data is fun.', 'author': 'Eve'}
2025-01-28 20:34:56.338 | INFO     | __main__:process_message:95 - Message received from author: Eve
2025-01-28 20:34:56.341 | INFO     | __main__:process_message:101 - Updated author counts: {'Eve': 8, 'Alice': 14, 'Charlie': 6, 'Diana': 15, 'Bob': 10}
2025-01-28 20:34:57.197 | INFO     | __main__:main:170 - Sent message to topic 'buzzline_json': {'message': 'Kafka is awesome.', 'author': 'Alice'}
2025-01-28 20:34:57.224 | INFO     | __main__:process_message:89 - Processed JSON message: {'message': 'Kafka is awesome.', 'author': 'Alice'}
2025-01-28 20:34:57.226 | INFO     | __main__:process_message:95 - Message received from author: Alice
2025-01-28 20:34:57.231 | INFO     | __main__:process_message:101 - Updated author counts: {'Eve': 8, 'Alice': 15, 'Charlie': 6, 'Diana': 15, 'Bob': 10}
2025-01-28 20:34:58.208 | INFO     | __main__:main:170 - Sent message to topic 'buzzline_json': {'message': 'JSON makes life easier.', 'author': 'Bob'}
2025-01-28 20:34:58.246 | INFO     | __main__:process_message:89 - Processed JSON message: {'message': 'JSON makes life easier.', 'author': 'Bob'}
2025-01-28 20:34:58.248 | INFO     | __main__:process_message:95 - Message received from author: Bob
2025-01-28 20:34:58.250 | INFO     | __main__:process_message:101 - Updated author counts: {'Eve': 8, 'Alice': 15, 'Charlie': 6, 'Diana': 15, 'Bob': 11}
2025-01-28 20:34:59.220 | INFO     | __main__:main:170 - Sent message to topic 'buzzline_json': {'message': 'This is a buzz message.', 'author': 'Charlie'}
2025-01-28 20:34:59.260 | INFO     | __main__:process_message:89 - Processed JSON message: {'message': 'This is a buzz message.', 'author': 'Charlie'}
2025-01-28 20:34:59.262 | INFO     | __main__:process_message:95 - Message received from author: Charlie
2025-01-28 20:34:59.264 | INFO     | __main__:process_message:101 - Updated author counts: {'Eve': 8, 'Alice': 15, 'Charlie': 7, 'Diana': 15, 'Bob': 11}
2025-01-28 20:35:00.231 | INFO     | __main__:main:170 - Sent message to topic 'buzzline_json': {'message': 'Have a great day!', 'author': 'Diana'}
2025-01-28 20:35:00.265 | INFO     | __main__:process_message:89 - Processed JSON message: {'message': 'Have a great day!', 'author': 'Diana'}
2025-01-28 20:35:00.268 | INFO     | __main__:process_message:95 - Message received from author: Diana
2025-01-28 20:35:00.270 | INFO     | __main__:process_message:101 - Updated author counts: {'Eve': 8, 'Alice': 15, 'Charlie': 7, 'Diana': 16, 'Bob': 11}
2025-01-28 20:35:01.246 | INFO     | __main__:main:170 - Sent message to topic 'buzzline_json': {'message': 'Distributed systems are fascinating.', 'author': 'Bob'}
2025-01-28 20:35:01.285 | INFO     | __main__:process_message:89 - Processed JSON message: {'message': 'Distributed systems are fascinating.', 'author': 'Bob'}
2025-01-28 20:35:01.286 | INFO     | __main__:process_message:95 - Message received from author: Bob
2025-01-28 20:35:01.290 | INFO     | __main__:process_message:101 - Updated author counts: {'Eve': 8, 'Alice': 15, 'Charlie': 7, 'Diana': 16, 'Bob': 12}
2025-01-28 20:35:02.262 | INFO     | __main__:main:170 - Sent message to topic 'buzzline_json': {'message': 'Kafka is awesome.', 'author': 'Alice'}
2025-01-28 20:35:02.308 | INFO     | __main__:process_message:89 - Processed JSON message: {'message': 'Kafka is awesome.', 'author': 'Alice'}
2025-01-28 20:35:02.310 | INFO     | __main__:process_message:95 - Message received from author: Alice
2025-01-28 20:35:02.313 | INFO     | __main__:process_message:101 - Updated author counts: {'Eve': 8, 'Alice': 16, 'Charlie': 7, 'Diana': 16, 'Bob': 12}
2025-01-28 20:35:03.279 | INFO     | __main__:main:170 - Sent message to topic 'buzzline_json': {'message': 'Streaming data is fun.', 'author': 'Alice'}
2025-01-28 20:35:03.312 | INFO     | __main__:process_message:89 - Processed JSON message: {'message': 'Streaming data is fun.', 'author': 'Alice'}
2025-01-28 20:35:03.315 | INFO     | __main__:process_message:95 - Message received from author: Alice
2025-01-28 20:35:03.317 | INFO     | __main__:process_message:101 - Updated author counts: {'Eve': 8, 'Alice': 17, 'Charlie': 7, 'Diana': 16, 'Bob': 12}
2025-01-28 20:35:04.303 | INFO     | __main__:main:170 - Sent message to topic 'buzzline_json': {'message': 'Have a great day!', 'author': 'Diana'}
2025-01-28 20:35:04.348 | INFO     | __main__:process_message:89 - Processed JSON message: {'message': 'Have a great day!', 'author': 'Diana'}
2025-01-28 20:35:04.352 | INFO     | __main__:process_message:95 - Message received from author: Diana
2025-01-28 20:35:04.355 | INFO     | __main__:process_message:101 - Updated author counts: {'Eve': 8, 'Alice': 17, 'Charlie': 7, 'Diana': 17, 'Bob': 12}
2025-01-28 20:35:05.317 | INFO     | __main__:main:170 - Sent message to topic 'buzzline_json': {'message': 'Streaming data is fun.', 'author': 'Alice'}
2025-01-28 20:35:05.361 | INFO     | __main__:process_message:89 - Processed JSON message: {'message': 'Streaming data is fun.', 'author': 'Alice'}
2025-01-28 20:35:05.362 | INFO     | __main__:process_message:95 - Message received from author: Alice
2025-01-28 20:35:05.365 | INFO     | __main__:process_message:101 - Updated author counts: {'Eve': 8, 'Alice': 18, 'Charlie': 7, 'Diana': 17, 'Bob': 12}
2025-01-28 20:35:06.328 | INFO     | __main__:main:170 - Sent message to topic 'buzzline_json': {'message': 'This is a buzz message.', 'author': 'Diana'}
2025-01-28 20:35:06.366 | INFO     | __main__:process_message:89 - Processed JSON message: {'message': 'This is a buzz message.', 'author': 'Diana'}
2025-01-28 20:35:06.369 | INFO     | __main__:process_message:95 - Message received from author: Diana
2025-01-28 20:35:06.371 | INFO     | __main__:process_message:101 - Updated author counts: {'Eve': 8, 'Alice': 18, 'Charlie': 7, 'Diana': 18, 'Bob': 12}
2025-01-28 20:35:07.339 | INFO     | __main__:main:170 - Sent message to topic 'buzzline_json': {'message': 'Data engineering is my passion.', 'author': 'Bob'}
2025-01-28 20:35:07.365 | INFO     | __main__:process_message:89 - Processed JSON message: {'message': 'Data engineering is my passion.', 'author': 'Bob'}
2025-01-28 20:35:07.367 | INFO     | __main__:process_message:95 - Message received from author: Bob
2025-01-28 20:35:07.369 | INFO     | __main__:process_message:101 - Updated author counts: {'Eve': 8, 'Alice': 18, 'Charlie': 7, 'Diana': 18, 'Bob': 13}
2025-01-28 20:35:08.375 | INFO     | __main__:main:170 - Sent message to topic 'buzzline_json': {'message': 'Have a great day!', 'author': 'Diana'}
2025-01-28 20:35:08.452 | INFO     | __main__:process_message:89 - Processed JSON message: {'message': 'Have a great day!', 'author': 'Diana'}
2025-01-28 20:35:08.454 | INFO     | __main__:process_message:95 - Message received from author: Diana
2025-01-28 20:35:08.456 | INFO     | __main__:process_message:101 - Updated author counts: {'Eve': 8, 'Alice': 18, 'Charlie': 7, 'Diana': 19, 'Bob': 13}
2025-01-28 20:35:09.442 | INFO     | __main__:main:170 - Sent message to topic 'buzzline_json': {'message': 'Kafka is awesome.', 'author': 'Alice'}
2025-01-28 20:35:09.494 | INFO     | __main__:process_message:89 - Processed JSON message: {'message': 'Kafka is awesome.', 'author': 'Alice'}
2025-01-28 20:35:09.497 | INFO     | __main__:process_message:95 - Message received from author: Alice
2025-01-28 20:35:09.500 | INFO     | __main__:process_message:101 - Updated author counts: {'Eve': 8, 'Alice': 19, 'Charlie': 7, 'Diana': 19, 'Bob': 13}
2025-01-28 20:35:10.462 | INFO     | __main__:main:170 - Sent message to topic 'buzzline_json': {'message': 'Kafka is awesome.', 'author': 'Eve'}
2025-01-28 20:35:10.502 | INFO     | __main__:process_message:89 - Processed JSON message: {'message': 'Kafka is awesome.', 'author': 'Eve'}
2025-01-28 20:35:10.504 | INFO     | __main__:process_message:95 - Message received from author: Eve
2025-01-28 20:35:10.507 | INFO     | __main__:process_message:101 - Updated author counts: {'Eve': 9, 'Alice': 19, 'Charlie': 7, 'Diana': 19, 'Bob': 13}
2025-01-28 20:35:11.551 | INFO     | __main__:main:170 - Sent message to topic 'buzzline_json': {'message': 'Have a great day!', 'author': 'Diana'}
2025-01-28 20:35:11.591 | INFO     | __main__:process_message:89 - Processed JSON message: {'message': 'Have a great day!', 'author': 'Diana'}
2025-01-28 20:35:11.593 | INFO     | __main__:process_message:95 - Message received from author: Diana
2025-01-28 20:35:11.597 | INFO     | __main__:process_message:101 - Updated author counts: {'Eve': 9, 'Alice': 19, 'Charlie': 7, 'Diana': 20, 'Bob': 13}
2025-01-28 20:35:12.571 | INFO     | __main__:main:170 - Sent message to topic 'buzzline_json': {'message': 'Buzz messages for everyone.', 'author': 'Charlie'}
2025-01-28 20:35:12.629 | INFO     | __main__:process_message:89 - Processed JSON message: {'message': 'Buzz messages for everyone.', 'author': 'Charlie'}
2025-01-28 20:35:12.634 | INFO     | __main__:process_message:95 - Message received from author: Charlie
2025-01-28 20:35:12.636 | INFO     | __main__:process_message:101 - Updated author counts: {'Eve': 9, 'Alice': 19, 'Charlie': 8, 'Diana': 20, 'Bob': 13}
2025-01-28 20:35:13.597 | INFO     | __main__:main:170 - Sent message to topic 'buzzline_json': {'message': 'This is a buzz message.', 'author': 'Charlie'}
2025-01-28 20:35:13.629 | INFO     | __main__:process_message:89 - Processed JSON message: {'message': 'This is a buzz message.', 'author': 'Charlie'}
2025-01-28 20:35:13.630 | INFO     | __main__:process_message:95 - Message received from author: Charlie
2025-01-28 20:35:13.631 | INFO     | __main__:process_message:101 - Updated author counts: {'Eve': 9, 'Alice': 19, 'Charlie': 9, 'Diana': 20, 'Bob': 13}
2025-01-28 20:35:14.711 | INFO     | __main__:main:170 - Sent message to topic 'buzzline_json': {'message': 'Streaming data is fun.', 'author': 'Alice'}
2025-01-28 20:35:14.737 | INFO     | __main__:process_message:89 - Processed JSON message: {'message': 'Streaming data is fun.', 'author': 'Alice'}
2025-01-28 20:35:14.744 | INFO     | __main__:process_message:95 - Message received from author: Alice
2025-01-28 20:35:14.746 | INFO     | __main__:process_message:101 - Updated author counts: {'Eve': 9, 'Alice': 20, 'Charlie': 9, 'Diana': 20, 'Bob': 13}
2025-01-28 20:35:15.731 | INFO     | __main__:main:170 - Sent message to topic 'buzzline_json': {'message': 'Hello, Kafka world!', 'author': 'Diana'}
2025-01-28 20:35:15.764 | INFO     | __main__:process_message:89 - Processed JSON message: {'message': 'Hello, Kafka world!', 'author': 'Diana'}
2025-01-28 20:35:15.765 | INFO     | __main__:process_message:95 - Message received from author: Diana
2025-01-28 20:35:15.768 | INFO     | __main__:process_message:101 - Updated author counts: {'Eve': 9, 'Alice': 20, 'Charlie': 9, 'Diana': 21, 'Bob': 13}
2025-01-28 20:35:16.758 | INFO     | __main__:main:170 - Sent message to topic 'buzzline_json': {'message': 'Kafka is awesome.', 'author': 'Bob'}
2025-01-28 20:35:16.777 | INFO     | __main__:process_message:89 - Processed JSON message: {'message': 'Kafka is awesome.', 'author': 'Bob'}
2025-01-28 20:35:16.780 | INFO     | __main__:process_message:95 - Message received from author: Bob
2025-01-28 20:35:16.782 | INFO     | __main__:process_message:101 - Updated author counts: {'Eve': 9, 'Alice': 20, 'Charlie': 9, 'Diana': 21, 'Bob': 14}
2025-01-28 20:35:17.772 | INFO     | __main__:main:170 - Sent message to topic 'buzzline_json': {'message': 'I love Python!', 'author': 'Eve'}
2025-01-28 20:35:17.800 | INFO     | __main__:process_message:89 - Processed JSON message: {'message': 'I love Python!', 'author': 'Eve'}
2025-01-28 20:35:17.801 | INFO     | __main__:process_message:95 - Message received from author: Eve
2025-01-28 20:35:17.803 | INFO     | __main__:process_message:101 - Updated author counts: {'Eve': 10, 'Alice': 20, 'Charlie': 9, 'Diana': 21, 'Bob': 14}
2025-01-28 20:35:18.783 | INFO     | __main__:main:170 - Sent message to topic 'buzzline_json': {'message': 'JSON makes life easier.', 'author': 'Charlie'}
2025-01-30 19:35:58.000 | INFO     | utils.utils_logger:<module>:38 - Logging to file: logs\project_log.log
2025-01-30 19:35:58.018 | INFO     | __main__:<module>:66 - Project root: C:\Users\trent\Projects\buzzline-03-trentrueckert
2025-01-30 19:35:58.018 | INFO     | __main__:<module>:70 - Data folder: C:\Users\trent\Projects\buzzline-03-trentrueckert\data
2025-01-30 19:35:58.019 | INFO     | __main__:<module>:74 - Data file: C:\Users\trent\Projects\buzzline-03-trentrueckert\data\smoker_temps.csv
2025-01-30 19:35:58.019 | INFO     | __main__:main:134 - START producer.
2025-01-30 19:35:58.019 | INFO     | utils.utils_producer:get_zookeeper_address:57 - Zookeeper address: localhost:2181
2025-01-30 19:35:58.045 | INFO     | utils.utils_producer:check_zookeeper_service_is_ready:79 - Zookeeper is ready at localhost:2181.
2025-01-30 19:35:58.046 | INFO     | utils.utils_producer:get_kafka_broker_address:50 - Kafka broker address: localhost:9092
2025-01-30 19:35:58.387 | INFO     | utils.utils_producer:check_kafka_service_is_ready:98 - Kafka is ready. Brokers: {'throttle_time_ms': 0, 'brokers': [{'node_id': 0, 'host': 'localhost', 'port': 9092, 'rack': None}], 'cluster_id': '0uviAt27Qfma_3x_dl4aFA', 'controller_id': 0}
2025-01-30 19:35:58.389 | INFO     | __main__:get_kafka_topic:48 - Kafka topic: smoker_csv
2025-01-30 19:35:58.389 | INFO     | __main__:get_message_interval:55 - Message interval: 5 seconds
2025-01-30 19:35:58.390 | INFO     | utils.utils_producer:get_kafka_broker_address:50 - Kafka broker address: localhost:9092
2025-01-30 19:35:58.391 | INFO     | utils.utils_producer:create_kafka_producer:146 - Connecting to Kafka broker at localhost:9092...
2025-01-30 19:35:58.499 | INFO     | utils.utils_producer:create_kafka_producer:151 - Kafka producer successfully created.
2025-01-30 19:35:58.500 | INFO     | utils.utils_producer:get_kafka_broker_address:50 - Kafka broker address: localhost:9092
2025-01-30 19:35:58.824 | INFO     | utils.utils_producer:create_kafka_topic:176 - Creating 'smoker_csv'.
2025-01-30 19:35:59.201 | INFO     | utils.utils_producer:create_kafka_topic:181 - Topic 'smoker_csv' created successfully.
2025-01-30 19:35:59.202 | INFO     | __main__:main:157 - Kafka topic 'smoker_csv' is ready.
2025-01-30 19:35:59.203 | INFO     | __main__:main:163 - Starting message production to topic 'smoker_csv'...
2025-01-30 19:35:59.203 | INFO     | __main__:generate_messages:93 - Opening data file in read mode: C:\Users\trent\Projects\buzzline-03-trentrueckert\data\smoker_temps.csv
2025-01-30 19:35:59.214 | INFO     | __main__:generate_messages:95 - Reading data from file: C:\Users\trent\Projects\buzzline-03-trentrueckert\data\smoker_temps.csv
2025-01-30 19:35:59.285 | INFO     | __main__:main:167 - Sent message to topic 'smoker_csv': {'timestamp': '2025-01-31T01:35:59.215526', 'temperature': 70.4}
2025-01-30 19:36:04.289 | INFO     | __main__:main:167 - Sent message to topic 'smoker_csv': {'timestamp': '2025-01-31T01:36:04.286635', 'temperature': 70.8}
2025-01-30 19:36:06.140 | INFO     | utils.utils_logger:<module>:38 - Logging to file: logs\project_log.log
2025-01-30 19:36:06.144 | INFO     | __main__:main:162 - START consumer.
2025-01-30 19:36:06.144 | INFO     | __main__:get_kafka_topic:46 - Kafka topic: smoker_csv
2025-01-30 19:36:06.145 | INFO     | __main__:get_kafka_consumer_group_id:53 - Kafka consumer group id: smoker_group
2025-01-30 19:36:06.145 | INFO     | __main__:get_rolling_window_size:67 - Rolling window size: 10
2025-01-30 19:36:06.145 | INFO     | __main__:main:168 - Consumer: Topic 'smoker_csv' and group 'smoker_group'...
2025-01-30 19:36:06.145 | INFO     | __main__:main:169 - Rolling window size: 10
2025-01-30 19:36:06.146 | INFO     | utils.utils_producer:get_kafka_broker_address:50 - Kafka broker address: localhost:9092
2025-01-30 19:36:06.146 | INFO     | utils.utils_consumer:create_kafka_consumer:44 - Creating Kafka consumer. Topic='smoker_csv' and group ID='smoker_group'.
2025-01-30 19:36:06.267 | INFO     | utils.utils_consumer:create_kafka_consumer:59 - Kafka consumer created successfully.
2025-01-30 19:36:06.268 | INFO     | __main__:main:177 - Polling messages from topic 'smoker_csv'...
2025-01-30 19:36:07.571 | INFO     | __main__:process_message:127 - Processed JSON message: {'timestamp': '2025-01-31T01:35:59.215526', 'temperature': 70.4}
2025-01-30 19:36:07.572 | INFO     | __main__:get_rolling_window_size:67 - Rolling window size: 10
2025-01-30 19:36:07.572 | INFO     | __main__:process_message:127 - Processed JSON message: {'timestamp': '2025-01-31T01:36:04.286635', 'temperature': 70.8}
2025-01-30 19:36:07.573 | INFO     | __main__:get_rolling_window_size:67 - Rolling window size: 10
2025-01-30 19:36:09.291 | INFO     | __main__:main:167 - Sent message to topic 'smoker_csv': {'timestamp': '2025-01-31T01:36:09.290986', 'temperature': 71.2}
2025-01-30 19:36:09.298 | INFO     | __main__:process_message:127 - Processed JSON message: {'timestamp': '2025-01-31T01:36:09.290986', 'temperature': 71.2}
2025-01-30 19:36:09.298 | INFO     | __main__:get_rolling_window_size:67 - Rolling window size: 10
2025-01-30 19:36:14.294 | INFO     | __main__:main:167 - Sent message to topic 'smoker_csv': {'timestamp': '2025-01-31T01:36:14.293232', 'temperature': 71.6}
2025-01-30 19:36:14.299 | INFO     | __main__:process_message:127 - Processed JSON message: {'timestamp': '2025-01-31T01:36:14.293232', 'temperature': 71.6}
2025-01-30 19:36:14.299 | INFO     | __main__:get_rolling_window_size:67 - Rolling window size: 10
2025-01-30 19:36:19.297 | INFO     | __main__:main:167 - Sent message to topic 'smoker_csv': {'timestamp': '2025-01-31T01:36:19.295734', 'temperature': 72.0}
2025-01-30 19:36:19.303 | INFO     | __main__:process_message:127 - Processed JSON message: {'timestamp': '2025-01-31T01:36:19.295734', 'temperature': 72.0}
2025-01-30 19:36:19.304 | INFO     | __main__:get_rolling_window_size:67 - Rolling window size: 10
2025-01-30 19:36:24.299 | INFO     | __main__:main:167 - Sent message to topic 'smoker_csv': {'timestamp': '2025-01-31T01:36:24.299416', 'temperature': 72.4}
2025-01-30 19:36:24.321 | INFO     | __main__:process_message:127 - Processed JSON message: {'timestamp': '2025-01-31T01:36:24.299416', 'temperature': 72.4}
2025-01-30 19:36:24.322 | INFO     | __main__:get_rolling_window_size:67 - Rolling window size: 10
2025-01-30 19:36:29.301 | INFO     | __main__:main:167 - Sent message to topic 'smoker_csv': {'timestamp': '2025-01-31T01:36:29.301124', 'temperature': 72.8}
2025-01-30 19:36:29.306 | INFO     | __main__:process_message:127 - Processed JSON message: {'timestamp': '2025-01-31T01:36:29.301124', 'temperature': 72.8}
2025-01-30 19:36:29.306 | INFO     | __main__:get_rolling_window_size:67 - Rolling window size: 10
2025-01-30 19:36:34.303 | INFO     | __main__:main:167 - Sent message to topic 'smoker_csv': {'timestamp': '2025-01-31T01:36:34.302816', 'temperature': 73.2}
2025-01-30 19:36:34.311 | INFO     | __main__:process_message:127 - Processed JSON message: {'timestamp': '2025-01-31T01:36:34.302816', 'temperature': 73.2}
2025-01-30 19:36:34.312 | INFO     | __main__:get_rolling_window_size:67 - Rolling window size: 10
2025-01-30 19:36:39.572 | INFO     | __main__:main:167 - Sent message to topic 'smoker_csv': {'timestamp': '2025-01-31T01:36:39.403969', 'temperature': 73.6}
2025-01-30 19:36:39.624 | INFO     | __main__:process_message:127 - Processed JSON message: {'timestamp': '2025-01-31T01:36:39.403969', 'temperature': 73.6}
2025-01-30 19:36:39.629 | INFO     | __main__:get_rolling_window_size:67 - Rolling window size: 10
2025-01-31 22:46:15.224 | INFO     | utils.utils_logger:<module>:38 - Logging to file: logs\project_log.log
2025-01-31 22:46:15.228 | INFO     | __main__:main:106 - START producer.
2025-01-31 22:46:15.228 | INFO     | utils.utils_producer:get_zookeeper_address:57 - Zookeeper address: localhost:2181
2025-01-31 22:46:15.242 | INFO     | utils.utils_producer:check_zookeeper_service_is_ready:79 - Zookeeper is ready at localhost:2181.
2025-01-31 22:46:15.242 | INFO     | utils.utils_producer:get_kafka_broker_address:50 - Kafka broker address: localhost:9092
2025-01-31 22:46:15.577 | INFO     | utils.utils_producer:check_kafka_service_is_ready:98 - Kafka is ready. Brokers: {'throttle_time_ms': 0, 'brokers': [{'node_id': 0, 'host': 'localhost', 'port': 9092, 'rack': None}], 'cluster_id': 'QXVSIpl_SeSUW3fVwL6xhQ', 'controller_id': 0}
2025-01-31 22:46:15.578 | INFO     | __main__:get_kafka_topic:52 - Kafka topic: buzzline_json
2025-01-31 22:46:15.579 | INFO     | __main__:get_message_interval:59 - Message interval: 1 seconds
2025-01-31 22:46:15.579 | INFO     | utils.utils_producer:get_kafka_broker_address:50 - Kafka broker address: localhost:9092
2025-01-31 22:46:15.579 | INFO     | utils.utils_producer:create_kafka_producer:146 - Connecting to Kafka broker at localhost:9092...
2025-01-31 22:46:15.689 | INFO     | utils.utils_producer:create_kafka_producer:151 - Kafka producer successfully created.
2025-01-31 22:46:15.689 | INFO     | utils.utils_producer:get_kafka_broker_address:50 - Kafka broker address: localhost:9092
2025-01-31 22:46:16.009 | INFO     | utils.utils_producer:create_kafka_topic:176 - Creating 'buzzline_json'.
2025-01-31 22:46:16.279 | INFO     | utils.utils_producer:create_kafka_topic:181 - Topic 'buzzline_json' created successfully.
2025-01-31 22:46:16.280 | INFO     | __main__:main:124 - Kafka topic 'buzzline_json' is ready.
2025-01-31 22:46:16.281 | INFO     | __main__:main:130 - Starting message production to topic 'buzzline_json'...
2025-01-31 22:46:16.282 | ERROR    | __main__:main:140 - Error during message production: generate_messages() missing 1 required positional argument: 'file_path'
2025-01-31 22:46:16.283 | INFO     | __main__:main:143 - Kafka producer closed.
2025-01-31 22:46:16.284 | INFO     | __main__:main:145 - END producer.
2025-01-31 22:50:36.812 | INFO     | utils.utils_logger:<module>:38 - Logging to file: logs\project_log.log
2025-01-31 22:50:36.817 | INFO     | __main__:main:106 - START producer.
2025-01-31 22:50:36.817 | INFO     | utils.utils_producer:get_zookeeper_address:57 - Zookeeper address: localhost:2181
2025-01-31 22:50:36.829 | INFO     | utils.utils_producer:check_zookeeper_service_is_ready:79 - Zookeeper is ready at localhost:2181.
2025-01-31 22:50:36.830 | INFO     | utils.utils_producer:get_kafka_broker_address:50 - Kafka broker address: localhost:9092
2025-01-31 22:50:37.201 | INFO     | utils.utils_producer:check_kafka_service_is_ready:98 - Kafka is ready. Brokers: {'throttle_time_ms': 0, 'brokers': [{'node_id': 0, 'host': 'localhost', 'port': 9092, 'rack': None}], 'cluster_id': 'QXVSIpl_SeSUW3fVwL6xhQ', 'controller_id': 0}
2025-01-31 22:50:37.202 | INFO     | __main__:get_kafka_topic:52 - Kafka topic: buzzline_json
2025-01-31 22:50:37.203 | INFO     | __main__:get_message_interval:59 - Message interval: 1 seconds
2025-01-31 22:50:37.203 | INFO     | utils.utils_producer:get_kafka_broker_address:50 - Kafka broker address: localhost:9092
2025-01-31 22:50:37.204 | INFO     | utils.utils_producer:create_kafka_producer:146 - Connecting to Kafka broker at localhost:9092...
2025-01-31 22:50:37.313 | INFO     | utils.utils_producer:create_kafka_producer:151 - Kafka producer successfully created.
2025-01-31 22:50:37.313 | INFO     | utils.utils_producer:get_kafka_broker_address:50 - Kafka broker address: localhost:9092
2025-01-31 22:50:37.638 | INFO     | utils.utils_producer:create_kafka_topic:172 - Topic 'buzzline_json' already exists. Clearing it out...
2025-01-31 22:50:37.638 | INFO     | utils.utils_producer:get_kafka_broker_address:50 - Kafka broker address: localhost:9092
2025-01-31 22:50:38.001 | ERROR    | utils.utils_producer:clear_kafka_topic:235 - Error managing retention for topic 'buzzline_json': list indices must be integers or slices, not ConfigResource
2025-01-31 22:50:38.003 | INFO     | __main__:main:124 - Kafka topic 'buzzline_json' is ready.
2025-01-31 22:50:38.004 | INFO     | __main__:main:130 - Starting message production to topic 'buzzline_json'...
2025-01-31 22:50:38.014 | INFO     | __main__:main:135 - Sent message to topic 'buzzline_json': {'message': 'Message 1: The shot for Tiger is currently from the fringe.', 'golfer': 'Tiger', 'timestamp': '2025-02-01T04:50:38Z', 'position': 'fringe'}
2025-01-31 22:50:40.017 | INFO     | __main__:main:135 - Sent message to topic 'buzzline_json': {'message': 'Message 2: The shot for Tiger is currently from the fringe.', 'golfer': 'Tiger', 'timestamp': '2025-02-01T04:50:40Z', 'position': 'fringe'}
2025-01-31 22:50:42.019 | INFO     | __main__:main:135 - Sent message to topic 'buzzline_json': {'message': 'Message 3: The shot for Bryson is currently from the rough.', 'golfer': 'Bryson', 'timestamp': '2025-02-01T04:50:42Z', 'position': 'rough'}
2025-01-31 22:50:44.022 | INFO     | __main__:main:135 - Sent message to topic 'buzzline_json': {'message': 'Message 4: The shot for Tiger is currently from the green.', 'golfer': 'Tiger', 'timestamp': '2025-02-01T04:50:44Z', 'position': 'green'}
2025-01-31 22:50:46.025 | INFO     | __main__:main:135 - Sent message to topic 'buzzline_json': {'message': 'Message 5: The shot for Rory is currently from the bunker.', 'golfer': 'Rory', 'timestamp': '2025-02-01T04:50:46Z', 'position': 'bunker'}
2025-01-31 22:50:47.086 | INFO     | utils.utils_logger:<module>:38 - Logging to file: logs\project_log.log
2025-01-31 22:50:47.091 | INFO     | __main__:main:128 - START consumer.
2025-01-31 22:50:47.091 | INFO     | __main__:get_kafka_topic:46 - Kafka topic: buzzline_json
2025-01-31 22:50:47.091 | INFO     | __main__:get_kafka_consumer_group_id:53 - Kafka consumer group id: buzz_group
2025-01-31 22:50:47.091 | INFO     | __main__:main:133 - Consumer: Topic 'buzzline_json' and group 'buzz_group'...
2025-01-31 22:50:47.092 | INFO     | utils.utils_producer:get_kafka_broker_address:50 - Kafka broker address: localhost:9092
2025-01-31 22:50:47.092 | INFO     | utils.utils_consumer:create_kafka_consumer:44 - Creating Kafka consumer. Topic='buzzline_json' and group ID='buzz_group'.
2025-01-31 22:50:47.208 | INFO     | utils.utils_consumer:create_kafka_consumer:59 - Kafka consumer created successfully.
2025-01-31 22:50:47.209 | INFO     | __main__:main:139 - Polling messages from topic 'buzzline_json'...
2025-01-31 22:50:48.027 | INFO     | __main__:main:135 - Sent message to topic 'buzzline_json': {'message': 'Message 6: The shot for Tiger is currently from the bunker.', 'golfer': 'Tiger', 'timestamp': '2025-02-01T04:50:48Z', 'position': 'bunker'}
2025-01-31 22:50:48.651 | INFO     | __main__:process_message:93 - Processed JSON message: {'message': 'Message 1: The shot for Tiger is currently from the fringe.', 'golfer': 'Tiger', 'timestamp': '2025-02-01T04:50:38Z', 'position': 'fringe'}
2025-01-31 22:50:48.652 | INFO     | __main__:process_message:93 - Processed JSON message: {'message': 'Message 2: The shot for Tiger is currently from the fringe.', 'golfer': 'Tiger', 'timestamp': '2025-02-01T04:50:40Z', 'position': 'fringe'}
2025-01-31 22:50:48.652 | INFO     | __main__:process_message:93 - Processed JSON message: {'message': 'Message 3: The shot for Bryson is currently from the rough.', 'golfer': 'Bryson', 'timestamp': '2025-02-01T04:50:42Z', 'position': 'rough'}
2025-01-31 22:50:48.653 | INFO     | __main__:process_message:93 - Processed JSON message: {'message': 'Message 4: The shot for Tiger is currently from the green.', 'golfer': 'Tiger', 'timestamp': '2025-02-01T04:50:44Z', 'position': 'green'}
2025-01-31 22:50:48.654 | INFO     | __main__:process_message:93 - Processed JSON message: {'message': 'Message 5: The shot for Rory is currently from the bunker.', 'golfer': 'Rory', 'timestamp': '2025-02-01T04:50:46Z', 'position': 'bunker'}
2025-01-31 22:50:48.654 | INFO     | __main__:process_message:93 - Processed JSON message: {'message': 'Message 6: The shot for Tiger is currently from the bunker.', 'golfer': 'Tiger', 'timestamp': '2025-02-01T04:50:48Z', 'position': 'bunker'}
2025-01-31 22:50:50.031 | INFO     | __main__:main:135 - Sent message to topic 'buzzline_json': {'message': 'Message 7: The shot for Scottie is currently from the green.', 'golfer': 'Scottie', 'timestamp': '2025-02-01T04:50:50Z', 'position': 'green'}
2025-01-31 22:50:50.037 | INFO     | __main__:process_message:93 - Processed JSON message: {'message': 'Message 7: The shot for Scottie is currently from the green.', 'golfer': 'Scottie', 'timestamp': '2025-02-01T04:50:50Z', 'position': 'green'}
2025-01-31 22:50:52.035 | INFO     | __main__:main:135 - Sent message to topic 'buzzline_json': {'message': 'Message 8: The shot for Scottie is currently from the green.', 'golfer': 'Scottie', 'timestamp': '2025-02-01T04:50:52Z', 'position': 'green'}
2025-01-31 22:50:52.040 | INFO     | __main__:process_message:93 - Processed JSON message: {'message': 'Message 8: The shot for Scottie is currently from the green.', 'golfer': 'Scottie', 'timestamp': '2025-02-01T04:50:52Z', 'position': 'green'}
2025-01-31 22:50:54.037 | INFO     | __main__:main:135 - Sent message to topic 'buzzline_json': {'message': 'Message 9: The shot for Bryson is currently from the fairway.', 'golfer': 'Bryson', 'timestamp': '2025-02-01T04:50:54Z', 'position': 'fairway'}
2025-01-31 22:50:54.043 | INFO     | __main__:process_message:93 - Processed JSON message: {'message': 'Message 9: The shot for Bryson is currently from the fairway.', 'golfer': 'Bryson', 'timestamp': '2025-02-01T04:50:54Z', 'position': 'fairway'}
2025-01-31 22:50:56.041 | INFO     | __main__:main:135 - Sent message to topic 'buzzline_json': {'message': 'Message 10: The shot for Bryson is currently from the green.', 'golfer': 'Bryson', 'timestamp': '2025-02-01T04:50:56Z', 'position': 'green'}
2025-01-31 22:50:56.047 | INFO     | __main__:process_message:93 - Processed JSON message: {'message': 'Message 10: The shot for Bryson is currently from the green.', 'golfer': 'Bryson', 'timestamp': '2025-02-01T04:50:56Z', 'position': 'green'}
2025-01-31 22:50:58.044 | INFO     | __main__:main:135 - Sent message to topic 'buzzline_json': {'message': 'Message 11: The shot for Tiger is currently from the rough.', 'golfer': 'Tiger', 'timestamp': '2025-02-01T04:50:58Z', 'position': 'rough'}
2025-01-31 22:50:58.050 | INFO     | __main__:process_message:93 - Processed JSON message: {'message': 'Message 11: The shot for Tiger is currently from the rough.', 'golfer': 'Tiger', 'timestamp': '2025-02-01T04:50:58Z', 'position': 'rough'}
2025-01-31 22:51:00.047 | INFO     | __main__:main:135 - Sent message to topic 'buzzline_json': {'message': 'Message 12: The shot for Rory is currently from the bunker.', 'golfer': 'Rory', 'timestamp': '2025-02-01T04:51:00Z', 'position': 'bunker'}
2025-01-31 22:51:00.052 | INFO     | __main__:process_message:93 - Processed JSON message: {'message': 'Message 12: The shot for Rory is currently from the bunker.', 'golfer': 'Rory', 'timestamp': '2025-02-01T04:51:00Z', 'position': 'bunker'}
2025-01-31 22:51:02.049 | INFO     | __main__:main:135 - Sent message to topic 'buzzline_json': {'message': 'Message 13: The shot for Rory is currently from the fringe.', 'golfer': 'Rory', 'timestamp': '2025-02-01T04:51:02Z', 'position': 'fringe'}
2025-01-31 22:51:02.055 | INFO     | __main__:process_message:93 - Processed JSON message: {'message': 'Message 13: The shot for Rory is currently from the fringe.', 'golfer': 'Rory', 'timestamp': '2025-02-01T04:51:02Z', 'position': 'fringe'}
2025-01-31 22:51:04.054 | INFO     | __main__:main:135 - Sent message to topic 'buzzline_json': {'message': 'Message 14: The shot for Rory is currently from the fairway.', 'golfer': 'Rory', 'timestamp': '2025-02-01T04:51:04Z', 'position': 'fairway'}
2025-01-31 22:51:04.061 | INFO     | __main__:process_message:93 - Processed JSON message: {'message': 'Message 14: The shot for Rory is currently from the fairway.', 'golfer': 'Rory', 'timestamp': '2025-02-01T04:51:04Z', 'position': 'fairway'}
2025-01-31 22:51:06.057 | INFO     | __main__:main:135 - Sent message to topic 'buzzline_json': {'message': 'Message 15: The shot for Scottie is currently from the green.', 'golfer': 'Scottie', 'timestamp': '2025-02-01T04:51:06Z', 'position': 'green'}
2025-01-31 22:51:06.064 | INFO     | __main__:process_message:93 - Processed JSON message: {'message': 'Message 15: The shot for Scottie is currently from the green.', 'golfer': 'Scottie', 'timestamp': '2025-02-01T04:51:06Z', 'position': 'green'}
2025-01-31 22:51:08.060 | INFO     | __main__:main:135 - Sent message to topic 'buzzline_json': {'message': 'Message 16: The shot for Rory is currently from the bunker.', 'golfer': 'Rory', 'timestamp': '2025-02-01T04:51:08Z', 'position': 'bunker'}
2025-01-31 22:51:08.066 | INFO     | __main__:process_message:93 - Processed JSON message: {'message': 'Message 16: The shot for Rory is currently from the bunker.', 'golfer': 'Rory', 'timestamp': '2025-02-01T04:51:08Z', 'position': 'bunker'}
2025-01-31 22:51:10.064 | INFO     | __main__:main:135 - Sent message to topic 'buzzline_json': {'message': 'Message 17: The shot for Scottie is currently from the fairway.', 'golfer': 'Scottie', 'timestamp': '2025-02-01T04:51:10Z', 'position': 'fairway'}
2025-01-31 22:51:10.073 | INFO     | __main__:process_message:93 - Processed JSON message: {'message': 'Message 17: The shot for Scottie is currently from the fairway.', 'golfer': 'Scottie', 'timestamp': '2025-02-01T04:51:10Z', 'position': 'fairway'}
2025-01-31 22:51:12.068 | INFO     | __main__:main:135 - Sent message to topic 'buzzline_json': {'message': 'Message 18: The shot for Scottie is currently from the fringe.', 'golfer': 'Scottie', 'timestamp': '2025-02-01T04:51:12Z', 'position': 'fringe'}
2025-01-31 22:51:12.072 | INFO     | __main__:process_message:93 - Processed JSON message: {'message': 'Message 18: The shot for Scottie is currently from the fringe.', 'golfer': 'Scottie', 'timestamp': '2025-02-01T04:51:12Z', 'position': 'fringe'}
2025-01-31 22:51:14.069 | INFO     | __main__:main:135 - Sent message to topic 'buzzline_json': {'message': 'Message 19: The shot for Rory is currently from the fairway.', 'golfer': 'Rory', 'timestamp': '2025-02-01T04:51:14Z', 'position': 'fairway'}
2025-01-31 22:51:14.073 | INFO     | __main__:process_message:93 - Processed JSON message: {'message': 'Message 19: The shot for Rory is currently from the fairway.', 'golfer': 'Rory', 'timestamp': '2025-02-01T04:51:14Z', 'position': 'fairway'}
2025-01-31 22:51:16.072 | INFO     | __main__:main:135 - Sent message to topic 'buzzline_json': {'message': 'Message 20: The shot for Rory is currently from the rough.', 'golfer': 'Rory', 'timestamp': '2025-02-01T04:51:16Z', 'position': 'rough'}
2025-01-31 22:51:16.081 | INFO     | __main__:process_message:93 - Processed JSON message: {'message': 'Message 20: The shot for Rory is currently from the rough.', 'golfer': 'Rory', 'timestamp': '2025-02-01T04:51:16Z', 'position': 'rough'}
2025-01-31 22:51:18.077 | INFO     | __main__:main:135 - Sent message to topic 'buzzline_json': {'message': 'Message 21: The shot for Bryson is currently from the fringe.', 'golfer': 'Bryson', 'timestamp': '2025-02-01T04:51:18Z', 'position': 'fringe'}
2025-01-31 22:51:18.083 | INFO     | __main__:process_message:93 - Processed JSON message: {'message': 'Message 21: The shot for Bryson is currently from the fringe.', 'golfer': 'Bryson', 'timestamp': '2025-02-01T04:51:18Z', 'position': 'fringe'}
2025-01-31 22:51:20.080 | INFO     | __main__:main:135 - Sent message to topic 'buzzline_json': {'message': 'Message 22: The shot for Scottie is currently from the fringe.', 'golfer': 'Scottie', 'timestamp': '2025-02-01T04:51:20Z', 'position': 'fringe'}
2025-01-31 22:51:20.086 | INFO     | __main__:process_message:93 - Processed JSON message: {'message': 'Message 22: The shot for Scottie is currently from the fringe.', 'golfer': 'Scottie', 'timestamp': '2025-02-01T04:51:20Z', 'position': 'fringe'}
2025-01-31 22:51:22.083 | INFO     | __main__:main:135 - Sent message to topic 'buzzline_json': {'message': 'Message 23: The shot for Bryson is currently from the fairway.', 'golfer': 'Bryson', 'timestamp': '2025-02-01T04:51:22Z', 'position': 'fairway'}
2025-01-31 22:54:28.876 | INFO     | utils.utils_logger:<module>:38 - Logging to file: logs\project_log.log
2025-01-31 22:54:28.879 | INFO     | __main__:<module>:67 - Project root: C:\Users\trent\Projects\buzzline-03-trentrueckert
2025-01-31 22:54:28.880 | INFO     | __main__:<module>:71 - Data folder: C:\Users\trent\Projects\buzzline-03-trentrueckert\data
2025-01-31 22:54:28.880 | INFO     | __main__:<module>:75 - Data file: C:\Users\trent\Projects\buzzline-03-trentrueckert\data\smoker_temps.csv
2025-01-31 22:54:28.880 | INFO     | __main__:main:138 - START producer.
2025-01-31 22:54:28.880 | INFO     | utils.utils_producer:get_zookeeper_address:57 - Zookeeper address: localhost:2181
2025-01-31 22:54:28.891 | INFO     | utils.utils_producer:check_zookeeper_service_is_ready:79 - Zookeeper is ready at localhost:2181.
2025-01-31 22:54:28.892 | INFO     | utils.utils_producer:get_kafka_broker_address:50 - Kafka broker address: localhost:9092
2025-01-31 22:54:29.235 | INFO     | utils.utils_producer:check_kafka_service_is_ready:98 - Kafka is ready. Brokers: {'throttle_time_ms': 0, 'brokers': [{'node_id': 0, 'host': 'localhost', 'port': 9092, 'rack': None}], 'cluster_id': 'QXVSIpl_SeSUW3fVwL6xhQ', 'controller_id': 0}
2025-01-31 22:54:29.237 | INFO     | __main__:get_kafka_topic:49 - Kafka topic: smoker_csv
2025-01-31 22:54:29.237 | INFO     | __main__:get_message_interval:56 - Message interval: 5 seconds
2025-01-31 22:54:29.246 | INFO     | utils.utils_producer:get_kafka_broker_address:50 - Kafka broker address: localhost:9092
2025-01-31 22:54:29.246 | INFO     | utils.utils_producer:create_kafka_producer:146 - Connecting to Kafka broker at localhost:9092...
2025-01-31 22:54:29.356 | INFO     | utils.utils_producer:create_kafka_producer:151 - Kafka producer successfully created.
2025-01-31 22:54:29.357 | INFO     | utils.utils_producer:get_kafka_broker_address:50 - Kafka broker address: localhost:9092
2025-01-31 22:54:29.693 | INFO     | utils.utils_producer:create_kafka_topic:176 - Creating 'smoker_csv'.
2025-01-31 22:54:29.783 | INFO     | utils.utils_producer:create_kafka_topic:181 - Topic 'smoker_csv' created successfully.
2025-01-31 22:54:29.784 | INFO     | __main__:main:161 - Kafka topic 'smoker_csv' is ready.
2025-01-31 22:54:29.785 | INFO     | __main__:main:167 - Starting message production to topic 'smoker_csv'...
2025-01-31 22:54:29.785 | INFO     | __main__:generate_messages:94 - Opening data file in read mode: C:\Users\trent\Projects\buzzline-03-trentrueckert\data\smoker_temps.csv
2025-01-31 22:54:29.807 | INFO     | __main__:generate_messages:98 - Loaded CSV data into DataFrame.
2025-01-31 22:54:29.819 | INFO     | __main__:main:171 - Sent message to topic 'smoker_csv': {'timestamp': '2025-02-01 04:54:29', 'temperature': '70.4 C', 'sensor_status': 'active'}
2025-01-31 22:54:34.823 | INFO     | __main__:main:171 - Sent message to topic 'smoker_csv': {'timestamp': '2025-02-01 04:54:34', 'temperature': '70.8 C', 'sensor_status': 'active'}
2025-01-31 22:54:37.710 | INFO     | utils.utils_logger:<module>:38 - Logging to file: logs\project_log.log
2025-01-31 22:54:37.715 | INFO     | __main__:main:162 - START consumer.
2025-01-31 22:54:37.716 | INFO     | __main__:get_kafka_topic:46 - Kafka topic: smoker_csv
2025-01-31 22:54:37.716 | INFO     | __main__:get_kafka_consumer_group_id:53 - Kafka consumer group id: smoker_group
2025-01-31 22:54:37.716 | INFO     | __main__:get_rolling_window_size:67 - Rolling window size: 10
2025-01-31 22:54:37.717 | INFO     | __main__:main:168 - Consumer: Topic 'smoker_csv' and group 'smoker_group'...
2025-01-31 22:54:37.717 | INFO     | __main__:main:169 - Rolling window size: 10
2025-01-31 22:54:37.717 | INFO     | utils.utils_producer:get_kafka_broker_address:50 - Kafka broker address: localhost:9092
2025-01-31 22:54:37.718 | INFO     | utils.utils_consumer:create_kafka_consumer:44 - Creating Kafka consumer. Topic='smoker_csv' and group ID='smoker_group'.
2025-01-31 22:54:37.843 | INFO     | utils.utils_consumer:create_kafka_consumer:59 - Kafka consumer created successfully.
2025-01-31 22:54:37.843 | INFO     | __main__:main:177 - Polling messages from topic 'smoker_csv'...
2025-01-31 22:54:38.090 | INFO     | __main__:process_message:127 - Processed JSON message: {'timestamp': '2025-02-01 04:54:29', 'temperature': '70.4 C', 'sensor_status': 'active'}
2025-01-31 22:54:38.091 | INFO     | __main__:get_rolling_window_size:67 - Rolling window size: 10
2025-01-31 22:54:38.092 | INFO     | __main__:process_message:127 - Processed JSON message: {'timestamp': '2025-02-01 04:54:34', 'temperature': '70.8 C', 'sensor_status': 'active'}
2025-01-31 22:54:38.093 | INFO     | __main__:get_rolling_window_size:67 - Rolling window size: 10
2025-01-31 22:54:39.828 | INFO     | __main__:main:171 - Sent message to topic 'smoker_csv': {'timestamp': '2025-02-01 04:54:39', 'temperature': '71.2 C', 'sensor_status': 'active'}
2025-01-31 22:54:39.833 | INFO     | __main__:process_message:127 - Processed JSON message: {'timestamp': '2025-02-01 04:54:39', 'temperature': '71.2 C', 'sensor_status': 'active'}
2025-01-31 22:54:39.833 | INFO     | __main__:get_rolling_window_size:67 - Rolling window size: 10
2025-01-31 22:54:44.831 | INFO     | __main__:main:171 - Sent message to topic 'smoker_csv': {'timestamp': '2025-02-01 04:54:44', 'temperature': '71.6 C', 'sensor_status': 'active'}
2025-01-31 22:54:44.837 | INFO     | __main__:process_message:127 - Processed JSON message: {'timestamp': '2025-02-01 04:54:44', 'temperature': '71.6 C', 'sensor_status': 'active'}
2025-01-31 22:54:44.837 | INFO     | __main__:get_rolling_window_size:67 - Rolling window size: 10
2025-01-31 22:54:49.834 | INFO     | __main__:main:171 - Sent message to topic 'smoker_csv': {'timestamp': '2025-02-01 04:54:49', 'temperature': '72.0 C', 'sensor_status': 'active'}
2025-01-31 22:54:49.841 | INFO     | __main__:process_message:127 - Processed JSON message: {'timestamp': '2025-02-01 04:54:49', 'temperature': '72.0 C', 'sensor_status': 'active'}
2025-01-31 22:54:49.841 | INFO     | __main__:get_rolling_window_size:67 - Rolling window size: 10
2025-01-31 22:54:54.838 | INFO     | __main__:main:171 - Sent message to topic 'smoker_csv': {'timestamp': '2025-02-01 04:54:54', 'temperature': '72.4 C', 'sensor_status': 'active'}
2025-01-31 22:54:54.844 | INFO     | __main__:process_message:127 - Processed JSON message: {'timestamp': '2025-02-01 04:54:54', 'temperature': '72.4 C', 'sensor_status': 'active'}
2025-01-31 22:54:54.844 | INFO     | __main__:get_rolling_window_size:67 - Rolling window size: 10
2025-01-31 22:54:59.841 | INFO     | __main__:main:171 - Sent message to topic 'smoker_csv': {'timestamp': '2025-02-01 04:54:59', 'temperature': '72.8 C', 'sensor_status': 'active'}
2025-01-31 22:54:59.846 | INFO     | __main__:process_message:127 - Processed JSON message: {'timestamp': '2025-02-01 04:54:59', 'temperature': '72.8 C', 'sensor_status': 'active'}
2025-01-31 22:54:59.846 | INFO     | __main__:get_rolling_window_size:67 - Rolling window size: 10
2025-01-31 22:55:04.843 | INFO     | __main__:main:171 - Sent message to topic 'smoker_csv': {'timestamp': '2025-02-01 04:55:04', 'temperature': '73.2 C', 'sensor_status': 'active'}
2025-01-31 22:55:04.849 | INFO     | __main__:process_message:127 - Processed JSON message: {'timestamp': '2025-02-01 04:55:04', 'temperature': '73.2 C', 'sensor_status': 'active'}
2025-01-31 22:55:04.849 | INFO     | __main__:get_rolling_window_size:67 - Rolling window size: 10
2025-01-31 22:55:09.846 | INFO     | __main__:main:171 - Sent message to topic 'smoker_csv': {'timestamp': '2025-02-01 04:55:09', 'temperature': '73.6 C', 'sensor_status': 'active'}
2025-01-31 22:55:09.853 | INFO     | __main__:process_message:127 - Processed JSON message: {'timestamp': '2025-02-01 04:55:09', 'temperature': '73.6 C', 'sensor_status': 'active'}
2025-01-31 22:55:09.854 | INFO     | __main__:get_rolling_window_size:67 - Rolling window size: 10
2025-01-31 22:55:14.851 | INFO     | __main__:main:171 - Sent message to topic 'smoker_csv': {'timestamp': '2025-02-01 04:55:14', 'temperature': '74.0 C', 'sensor_status': 'active'}
2025-01-31 22:55:14.856 | INFO     | __main__:process_message:127 - Processed JSON message: {'timestamp': '2025-02-01 04:55:14', 'temperature': '74.0 C', 'sensor_status': 'active'}
2025-01-31 22:55:14.857 | INFO     | __main__:get_rolling_window_size:67 - Rolling window size: 10
2025-01-31 22:55:14.857 | ERROR    | __main__:process_message:146 - Error processing message '{"timestamp": "2025-02-01 04:55:14", "temperature": "74.0 C", "sensor_status": "active"}': unsupported operand type(s) for -: 'str' and 'str'
2025-01-31 22:55:19.855 | INFO     | __main__:main:171 - Sent message to topic 'smoker_csv': {'timestamp': '2025-02-01 04:55:19', 'temperature': '74.4 C', 'sensor_status': 'active'}
2025-01-31 22:55:19.860 | INFO     | __main__:process_message:127 - Processed JSON message: {'timestamp': '2025-02-01 04:55:19', 'temperature': '74.4 C', 'sensor_status': 'active'}
2025-01-31 22:55:19.860 | INFO     | __main__:get_rolling_window_size:67 - Rolling window size: 10
2025-01-31 22:55:19.861 | ERROR    | __main__:process_message:146 - Error processing message '{"timestamp": "2025-02-01 04:55:19", "temperature": "74.4 C", "sensor_status": "active"}': unsupported operand type(s) for -: 'str' and 'str'
2025-01-31 22:55:24.857 | INFO     | __main__:main:171 - Sent message to topic 'smoker_csv': {'timestamp': '2025-02-01 04:55:24', 'temperature': '74.8 C', 'sensor_status': 'active'}
2025-01-31 22:55:24.863 | INFO     | __main__:process_message:127 - Processed JSON message: {'timestamp': '2025-02-01 04:55:24', 'temperature': '74.8 C', 'sensor_status': 'active'}
2025-01-31 22:55:24.863 | INFO     | __main__:get_rolling_window_size:67 - Rolling window size: 10
2025-01-31 22:55:24.864 | ERROR    | __main__:process_message:146 - Error processing message '{"timestamp": "2025-02-01 04:55:24", "temperature": "74.8 C", "sensor_status": "active"}': unsupported operand type(s) for -: 'str' and 'str'
2025-01-31 22:55:29.860 | INFO     | __main__:main:171 - Sent message to topic 'smoker_csv': {'timestamp': '2025-02-01 04:55:29', 'temperature': '75.2 C', 'sensor_status': 'active'}
2025-01-31 22:55:29.867 | INFO     | __main__:process_message:127 - Processed JSON message: {'timestamp': '2025-02-01 04:55:29', 'temperature': '75.2 C', 'sensor_status': 'active'}
2025-01-31 22:55:29.868 | INFO     | __main__:get_rolling_window_size:67 - Rolling window size: 10
2025-01-31 22:55:29.868 | ERROR    | __main__:process_message:146 - Error processing message '{"timestamp": "2025-02-01 04:55:29", "temperature": "75.2 C", "sensor_status": "active"}': unsupported operand type(s) for -: 'str' and 'str'
2025-01-31 22:55:34.863 | INFO     | __main__:main:171 - Sent message to topic 'smoker_csv': {'timestamp': '2025-02-01 04:55:34', 'temperature': '75.6 C', 'sensor_status': 'active'}
2025-01-31 22:55:34.867 | INFO     | __main__:process_message:127 - Processed JSON message: {'timestamp': '2025-02-01 04:55:34', 'temperature': '75.6 C', 'sensor_status': 'active'}
2025-01-31 22:55:34.868 | INFO     | __main__:get_rolling_window_size:67 - Rolling window size: 10
2025-01-31 22:55:34.868 | ERROR    | __main__:process_message:146 - Error processing message '{"timestamp": "2025-02-01 04:55:34", "temperature": "75.6 C", "sensor_status": "active"}': unsupported operand type(s) for -: 'str' and 'str'
2025-01-31 22:55:39.865 | INFO     | __main__:main:171 - Sent message to topic 'smoker_csv': {'timestamp': '2025-02-01 04:55:39', 'temperature': '76.0 C', 'sensor_status': 'active'}
2025-01-31 22:55:39.878 | INFO     | __main__:process_message:127 - Processed JSON message: {'timestamp': '2025-02-01 04:55:39', 'temperature': '76.0 C', 'sensor_status': 'active'}
2025-01-31 22:55:39.880 | INFO     | __main__:get_rolling_window_size:67 - Rolling window size: 10
2025-01-31 22:55:39.880 | ERROR    | __main__:process_message:146 - Error processing message '{"timestamp": "2025-02-01 04:55:39", "temperature": "76.0 C", "sensor_status": "active"}': unsupported operand type(s) for -: 'str' and 'str'
